<?xml version="1.0" encoding="UTF-8"?>
<testsuite xmlns:xsi="http://www.w3.org/2001/XMLSchema-instance" xsi:noNamespaceSchemaLocation="https://maven.apache.org/surefire/maven-surefire-plugin/xsd/surefire-test-report-3.0.xsd" version="3.0" name="com.enviro.assessment.grad001.brianmthembu.enviro365.Enviro365ApplicationTests" time="3.798" tests="1" errors="0" skipped="0" failures="0">
  <properties>
[...]
</properties>
  <testcase name="contextLoads" classname="com.enviro.assessment.grad001.brianmthembu.enviro365.Enviro365ApplicationTests" time="1.28">
    <system-out><![CDATA[10:49:54.653 [main] INFO org.springframework.test.context.support.AnnotationConfigContextLoaderUtils -- Could not detect default configuration classes for test class [com.enviro.assessment.grad001.brianmthembu.enviro365.Enviro365ApplicationTests]: Enviro365ApplicationTests does not declare any static, non-private, non-final, nested classes annotated with @Configuration.
10:49:54.740 [main] INFO org.springframework.boot.test.context.SpringBootTestContextBootstrapper -- Found @SpringBootConfiguration com.enviro.assessment.grad001.brianmthembu.enviro365.Enviro365Application for test class com.enviro.assessment.grad001.brianmthembu.enviro365.Enviro365ApplicationTests

  .   ____          _            __ _ _
 /\\ / ___'_ __ _ _(_)_ __  __ _ \ \ \ \
( ( )\___ | '_ | '_| | '_ \/ _` | \ \ \ \
 \\/  ___)| |_)| | | | | || (_| |  ) ) ) )
  '  |____| .__|_| |_|_| |_\__, | / / / /
 =========|_|==============|___/=/_/_/_/
 :: Spring Boot ::                (v3.1.4)

2024-08-21T10:49:55.128+02:00  INFO 8240 --- [           main] c.e.a.g.b.e.Enviro365ApplicationTests    : Starting Enviro365ApplicationTests using Java 17.0.11 with PID 8240 (started by Brian Mthembu in C:\Users\Brian Mthembu\Documents\Compliance Java Code\Enviro365)
2024-08-21T10:49:55.129+02:00  INFO 8240 --- [           main] c.e.a.g.b.e.Enviro365ApplicationTests    : No active profile set, falling back to 1 default profile: "default"
2024-08-21T10:49:55.605+02:00  INFO 8240 --- [           main] .s.d.r.c.RepositoryConfigurationDelegate : Bootstrapping Spring Data JDBC repositories in DEFAULT mode.
2024-08-21T10:49:55.626+02:00  INFO 8240 --- [           main] .s.d.r.c.RepositoryConfigurationDelegate : Finished Spring Data repository scanning in 15 ms. Found 0 JDBC repository interfaces.
2024-08-21T10:49:55.846+02:00 DEBUG 8240 --- [           main] o.s.j.d.DriverManagerDataSource          : Loaded JDBC driver: org.h2.Driver
2024-08-21T10:49:55.868+02:00 DEBUG 8240 --- [           main] o.s.j.d.DriverManagerDataSource          : Loaded JDBC driver: org.h2.Driver
2024-08-21T10:49:55.877+02:00 DEBUG 8240 --- [           main] o.s.j.d.DriverManagerDataSource          : Loaded JDBC driver: org.h2.Driver
2024-08-21T10:49:55.899+02:00 DEBUG 8240 --- [           main] o.s.j.d.DriverManagerDataSource          : Loaded JDBC driver: org.h2.Driver
2024-08-21T10:49:55.915+02:00 DEBUG 8240 --- [           main] o.s.j.d.DriverManagerDataSource          : Loaded JDBC driver: org.h2.Driver
2024-08-21T10:49:56.459+02:00 DEBUG 8240 --- [           main] o.s.jdbc.datasource.DataSourceUtils      : Fetching JDBC Connection from DataSource
2024-08-21T10:49:56.460+02:00  INFO 8240 --- [           main] com.zaxxer.hikari.HikariDataSource       : enviroinvestments - Starting...
2024-08-21T10:49:56.697+02:00  INFO 8240 --- [           main] com.zaxxer.hikari.pool.HikariPool        : enviroinvestments - Added connection conn0: url=jdbc:h2:mem:enviroinvestments user=SA
2024-08-21T10:49:56.701+02:00  INFO 8240 --- [           main] com.zaxxer.hikari.HikariDataSource       : enviroinvestments - Start completed.
2024-08-21T10:49:56.726+02:00 DEBUG 8240 --- [           main] o.s.jdbc.datasource.DataSourceUtils      : Fetching JDBC Connection from DataSource
2024-08-21T10:49:56.727+02:00 DEBUG 8240 --- [           main] o.s.jdbc.datasource.init.ScriptUtils     : Executing SQL script from file [C:\Users\Brian Mthembu\Documents\Compliance Java Code\Enviro365\target\classes\schema.sql]
2024-08-21T10:49:56.749+02:00 DEBUG 8240 --- [           main] o.s.jdbc.datasource.init.ScriptUtils     : 0 returned as update count for SQL: create table investor( ID int auto_increment, name varchar(65) NOT NULL, age int NOT NULL, amount double NOT NULL, PRIMARY KEY (ID) )
2024-08-21T10:49:56.766+02:00 DEBUG 8240 --- [           main] o.s.jdbc.datasource.init.ScriptUtils     : 0 returned as update count for SQL: create table product( productID int auto_increment, name varchar(65) NOT NULL, type varchar(65) NOT NULL, balance double NOT NULL, investorID int NOT NULL, PRIMARY KEY (productID), FOREIGN KEY (investorid) REFERENCES investor(ID) )
2024-08-21T10:49:56.771+02:00 DEBUG 8240 --- [           main] o.s.jdbc.datasource.init.ScriptUtils     : 0 returned as update count for SQL: create table address( addressID int auto_increment, street varchar(65) NOT NULL, city varchar(65) NOT NULL, province varchar(65) NOT NULL, country varchar(65) NOT NULL, investorId int, PRIMARY KEY (addressID), FOREIGN KEY (investorId) REFERENCES investor(ID) )
2024-08-21T10:49:56.774+02:00 DEBUG 8240 --- [           main] o.s.jdbc.datasource.init.ScriptUtils     : 0 returned as update count for SQL: create table contact( contactID int auto_increment, contactType varchar(65) NOT NULL, contactValue varchar(65) NOT NULL, investorID int, PRIMARY KEY (contactID), FOREIGN KEY (investorID) REFERENCES investor(ID) )
2024-08-21T10:49:56.776+02:00 DEBUG 8240 --- [           main] o.s.jdbc.datasource.init.ScriptUtils     : 0 returned as update count for SQL: create table notice( noticeID int auto_increment, name varchar(65) NOT NULL, productID int NOT NULL, withdrawalAmount double NOT NULL, withdrawalDate date NOT NULL, statementDate date NOT NULL, investorID int, PRIMARY KEY (noticeID), FOREIGN KEY (productID) REFERENCES product(productID), FOREIGN KEY (investorID) REFERENCES investor(ID) )
2024-08-21T10:49:56.780+02:00 DEBUG 8240 --- [           main] o.s.jdbc.datasource.init.ScriptUtils     : 1 returned as update count for SQL: insert into investor(name, age, amount) values ('Brian Mthembu', 24, 15000)
2024-08-21T10:49:56.780+02:00 DEBUG 8240 --- [           main] o.s.jdbc.datasource.init.ScriptUtils     : 1 returned as update count for SQL: insert into investor(name, age, amount) values ('Future X', 23, 17000)
2024-08-21T10:49:56.784+02:00 DEBUG 8240 --- [           main] o.s.jdbc.datasource.init.ScriptUtils     : Executed SQL script from file [C:\Users\Brian Mthembu\Documents\Compliance Java Code\Enviro365\target\classes\schema.sql] in 54 ms.
2024-08-21T10:49:56.825+02:00 DEBUG 8240 --- [           main] o.s.jdbc.datasource.DataSourceUtils      : Fetching JDBC Connection from DataSource
2024-08-21T10:49:56.937+02:00  INFO 8240 --- [           main] o.s.b.a.h2.H2ConsoleAutoConfiguration    : H2 console available at '/h2-console'. Database available at 'jdbc:h2:mem:enviroinvestments'
2024-08-21T10:49:56.993+02:00  INFO 8240 --- [           main] c.e.a.g.b.e.Enviro365ApplicationTests    : Started Enviro365ApplicationTests in 2.091 seconds (process running for 2.93)
]]></system-out>
  </testcase>
</testsuite>